【Springmvc的介绍】
    SpringMVC是一种基于Java实现的【MVC设计模型】的【请求驱动类型】的轻量级web框架
    作用：用来替代我们之前web学习使用的Servlet
        1. 参数绑定
        2. 调用业务
        3. 响应数据
        4. 分发转向等等
    SpringMVC的优点：
        1. 角色划分清晰：
            前端控制器
            映射处理器
            适配器
            视图解析器
            页面控制器
            。。。
        2. 分工明确，扩展面比较广
        3. 不需要继承特定的API，可以直接使用对象直接参与业务
        4. 和Spring等其他框架无缝继承
        5. 功能强大，数据验证，数据绑定机制等等
        6. 强大的JSP标签库
        7. 支持RESTful风格
        8. 支持注解
        9. 文件的上传等等

