【请求参数的绑定】
    使用springmvc在controller中获取用户的请求参数
    key=value的请求参数
    json格式的请求参数

    springmvc绑定机制：
        参数绑定的过程就是把表单提交的请求参数，作为控制器中方法的参数进行绑定的【前提要求，提交表单的请求参数必须和控制器中的方法参数名称一致】
    支持的数据类型
        简单数据类型
            基本数据类型和String类型作为参数
            ps：http://localhost:8080/user/findbyName?username=zhangsan&age=18
        实体类型

        集合类型
            List或者Map
            List：请求参数名称一定要和方法的参数名称一致，而且一定要在List参数前加@RequestParam
            Map：获取多个请求参数直接封装到Map中
                map的key就是参数名称，map的value就是参数值【只能是String类型】
                一定要在接收参数的Map前添加@RequestParam注解


        使用要求：
            1. 如果是基本类型或者String类型，我们要求参数名称必须和控制器中方法的形参名称保持一致【严格区分大小写】
            2. 如果是pojo实体类型，或者关联对象，要求表单中的参数名称和pojo类的属性名称保持一致，并且控制器中的形参也是pojo实体类型
            3. 如果是集合类型
                第一种：集合的请求参数必须是在pojo实体类中，那么表单中的请求参数名称要和实体类属性名称相同
                第二种：接收的参数直接封装到List或者Map中，需要给形参前面添加@RequestParam注解