【常用注解】
    1. @RequestParam
        作用：
            1. 把请求中指定名称的参数给控制器的形参赋值
            2. 获取List，Map类型的请求参数的时候在控制器形参前面必须添加该注解
    2. @RequestBody
        主要针对的请求体，post请求方法才会有，get请求没有请求体
        客户端传给服务器的请求参数分两种
            第一种就是formData类型的请求参数，比如：username=zhangsan&password=123456
            第二种就是json类型的请求参数，比如使用异步请求axios发送的异步post请求，携带的请求参数就是JSON格式的
                可以使用该注解将json类型的请求参数封装到pojo实体类对象中，也可以解析成Map类型的
            【注意】spring MVC默认可以对json格式进行转换，但是需要添加依赖
                MappingJacksonHttpMessageConverter对json进行转换，需要添加jackson依赖
    3. @PathVariable
        该注解的作用，获取Restful风格的url上的参数
        【Restful风格】
            保存用户
                传统：http://localhost:8080/user/saveUser
                Rest：http://localhost:8080/user     【post请求方式来执行保存操作】
            更新用户
                传统：http://localhost:8080/user/updateUser?id=1
                Rest：http://localhost:8080/user/1   【put请求方式来执行更新操作】
            删除用户
                传统：http://localhost:8080/user/deleteUser?id=1
                Rest：http://localhost:8080/user/1   【DELETE请求方式来执行删除操作】
            查询用户：
                传统：http://localhost:8080/user/findByUser?id=1
                Rest：http://localhost:8080/user/1   【GET请求方式来执行查询单个操作】
            查询用户：
                传统：http://localhost:8080/user/findAllUser
                Rest：http://localhost:8080/user   【GET请求方式来执行查询所有操作】
        【作用】
            用于绑定url中的占位符，比如请求的url中  /delete/{id}，{id}其实就是一个占位符
            url支持占位符，是springmvc支持Rest风格URL的一个重要标志
        【属性】
            value：主要用于指定URL中占位符的名称
            required：表示的是是否提供占位符，默认为true
    4. @RequestHeader【了解】
        作用：用于获取请求头信息
        属性:
            value，提供消息头名称
            required，是否必须有此信息头，默认为true
    5. @CookieValue【了解】
        作用：用于把指定cookie名称的值传入到控制器方法形参
        属性
            value：指定cookie的名称
            required，是否有cookie，默认为true

    6. ModelAttribute
        作用：该注解可以用来修饰方法和参数
        【注意】出现方法上的话，表示当前方法会在控制器的方法执行之前，先执行，它可以修饰没有返回值的返回，也可以修饰有具体返回值的方法
        【应用场景】
            当我们提交表单的时候，数据不是完成的实体类数据时候，要保证没有提交的数据的字段，在使用数据库对象原来的数据。
            比如，我们在编辑用户数据更新的时候，用户有一个字段，在提交的时候没有该字段的内容，但是该字段的值是不允许修改的，一旦更新的话会把该字段的值重置为null，
            那么，使用该注解就可以解决问题。
        【属性】
            value：用户获取数据的key，key可以是实体类的属性名称，也可以是map的key
    7. SessionAttributes
        作用： 用于多次执行控制器方法之间的数据共享【该注解放到类上面】
        属性：
            value，用于指定存入的属性的名称
            type，用于指定存入的数据类型










